#
# A fatal error has been detected by the Java Runtime Environment:
#
#  SIGSEGV (0xb) at pc=0x0000005002f071e0, pid=3056, tid=0x000000000001f813
#
# JRE version: Java(TM) SE Runtime Environment (8.0_231-b11) (build 1.8.0_231-b11)
# Java VM: Java HotSpot(TM) 64-Bit Server VM (25.231-b11 mixed mode bsd-amd64 compressed oops)
# Problematic frame:
# C  0x0000005002f071e0
#
# Failed to write core dump. Core dumps have been disabled. To enable core dumping, try "ulimit -c unlimited" before starting Java again
#
# If you would like to submit a bug report, please visit:
#   http://bugreport.java.com/bugreport/crash.jsp
#

---------------  T H R E A D  ---------------

Current thread (0x00007f9120f8b800):  JavaThread "Execution worker for ':' Thread 2" [_thread_in_Java, id=129043, stack(0x000070000e68b000,0x000070000e78b000)]

siginfo: si_signo: 11 (SIGSEGV), si_code: 1 (SEGV_MAPERR), si_addr: 0x0000005002f071e0

Registers:
RAX=0x0000000000000000, RBX=0x000000011bd94b18, RCX=0x0000000796120e30, RDX=0x0000000102a5c2bd
RSP=0x000070000e7889c8, RBP=0x000070000e788a68, RSI=0x000070000e788988, RDI=0x00000000fd5c0000
R8 =0x00000000fd5c0000, R9 =0x00000000fd5c0000, R10=0x00000001023988b0, R11=0x0000000796121550
R12=0x0000000000000000, R13=0x000070000e7889d0, R14=0x000070000e788ab8, R15=0x00007f9120f8b800
RIP=0x0000005002f071e0, EFLAGS=0x0000000000010246, ERR=0x0000000000000014
  TRAPNO=0x000000000000000e

Top of Stack: (sp=0x000070000e7889c8)
0x000070000e7889c8:   0000000102a5c2bd 0000000000000001
0x000070000e7889d8:   0000000796121550 00000007961212f8
0x000070000e7889e8:   00000007b63454c8 00000007b63453f0
0x000070000e7889f8:   00000007b63453a0 0000000796120d88
0x000070000e788a08:   0000000796120e30 0000000796120e30
0x000070000e788a18:   00000007b5739a90 00000007b5760310
0x000070000e788a28:   000070000e788a28 0000000118b4e8db
0x000070000e788a38:   000070000e788ab8 0000000118b4ec18
0x000070000e788a48:   0000000000000000 0000000118b4e960
0x000070000e788a58:   000070000e7889d0 000070000e788a78
0x000070000e788a68:   000070000e788b00 0000000102a5c302
0x000070000e788a78:   0000000000000001 0000000796120cc8
0x000070000e788a88:   00000007b6332f60 00000007b63454c8
0x000070000e788a98:   00000007b63453f0 00000007b63453a0
0x000070000e788aa8:   0000000796120d88 00000007b5739a90
0x000070000e788ab8:   00000007b63481e0 000070000e788ac0
0x000070000e788ac8:   0000000118b4594a 000070000e788b40
0x000070000e788ad8:   0000000118b45b38 0000000000000000
0x000070000e788ae8:   0000000118b459c0 000070000e788a78
0x000070000e788af8:   000070000e788b20 000070000e788b88
0x000070000e788b08:   0000000102a5c2bd 00000007b62bb738
0x000070000e788b18:   0000000000000001 00000007b6345378
0x000070000e788b28:   00000007b63481e0 0000000796120cc8
0x000070000e788b38:   00000007b62bb7f0 0000000796120db8
0x000070000e788b48:   000070000e788b48 000000011cd80c6c
0x000070000e788b58:   000070000e788ba0 000000011cd80d00
0x000070000e788b68:   0000000000000000 000000011cd80c78
0x000070000e788b78:   000070000e788b20 000070000e788bb0
0x000070000e788b88:   000070000e788c50 0000000105340584
0x000070000e788b98:   00000007b6345378 0000000796120e00
0x000070000e788ba8:   0000000105340584 0000000796117908
0x000070000e788bb8:   00000007b62bb7f0 000070000e788c50 

Instructions: (pc=0x0000005002f071e0)
0x0000005002f071c0:   
[error occurred during error reporting (printing registers, top of stack, instructions near pc), id 0xb]

Register to memory mapping:

RAX=0x0000000000000000 is an unknown value
RBX={method} {0x000000011bd94b18} '
[error occurred during error reporting (printing register info), id 0xb]

Stack: [0x000070000e68b000,0x000070000e78b000],  sp=0x000070000e7889c8,  free space=1014k
Native frames: (J=compiled Java code, j=interpreted, Vv=VM code, C=native code)
C  0x0000005002f071e0
j  org.gradle.internal.execution.steps.StoreExecutionStateStep.lambda$storeState$1(Lorg/gradle/internal/execution/CurrentSnapshotResult;Lorg/gradle/internal/execution/BeforeExecutionContext;Lcom/google/common/collect/ImmutableSortedMap;Lorg/gradle/internal/execution/history/ExecutionHistoryStore;Lorg/gradle/internal/execution/history/BeforeExecutionState;)V+82
j  org.gradle.internal.execution.steps.StoreExecutionStateStep$$Lambda$705.accept(Ljava/lang/Object;)V+20
J 16506 C1 java.util.Optional.ifPresent(Ljava/util/function/Consumer;)V (18 bytes) @ 0x0000000105340584 [0x0000000105340500+0x84]
j  org.gradle.internal.execution.steps.StoreExecutionStateStep.storeState(Lorg/gradle/internal/execution/BeforeExecutionContext;Lorg/gradle/internal/execution/history/ExecutionHistoryStore;Lorg/gradle/internal/execution/CurrentSnapshotResult;)V+24
j  org.gradle.internal.execution.steps.StoreExecutionStateStep.lambda$execute$0(Lorg/gradle/internal/execution/BeforeExecutionContext;Lorg/gradle/internal/execution/CurrentSnapshotResult;Lorg/gradle/internal/execution/history/ExecutionHistoryStore;)V+4
j  org.gradle.internal.execution.steps.StoreExecutionStateStep$$Lambda$704.accept(Ljava/lang/Object;)V+16
J 16506 C1 java.util.Optional.ifPresent(Ljava/util/function/Consumer;)V (18 bytes) @ 0x0000000105340584 [0x0000000105340500+0x84]
j  org.gradle.internal.execution.steps.StoreExecutionStateStep.execute(Lorg/gradle/internal/execution/BeforeExecutionContext;)Lorg/gradle/internal/execution/CurrentSnapshotResult;+33
j  org.gradle.internal.execution.steps.StoreExecutionStateStep.execute(Lorg/gradle/internal/execution/Context;)Lorg/gradle/internal/execution/Result;+5
j  org.gradle.internal.execution.steps.RecordOutputsStep.execute(Lorg/gradle/internal/execution/Context;)Lorg/gradle/internal/execution/CurrentSnapshotResult;+5
j  org.gradle.internal.execution.steps.RecordOutputsStep.execute(Lorg/gradle/internal/execution/Context;)Lorg/gradle/internal/execution/Result;+2
j  org.gradle.internal.execution.steps.SkipUpToDateStep.executeBecause(Lcom/google/common/collect/ImmutableList;Lorg/gradle/internal/execution/IncrementalChangesContext;)Lorg/gradle/internal/execution/UpToDateResult;+16
J 31246 C2 org.gradle.internal.execution.steps.ResolveChangesStep.execute(Lorg/gradle/internal/execution/CachingContext;)Lorg/gradle/internal/execution/Result; (70 bytes) @ 0x0000000105a75adc [0x0000000105a74fa0+0xb3c]
J 31149 C1 org.gradle.internal.execution.steps.ResolveChangesStep.execute(Lorg/gradle/internal/execution/Context;)Lorg/gradle/internal/execution/Result; (9 bytes) @ 0x00000001035b9374 [0x00000001035b9200+0x174]
J 16713 C1 org.gradle.internal.execution.steps.legacy.MarkSnapshottingInputsFinishedStep.execute(Lorg/gradle/internal/execution/Context;)Lorg/gradle/internal/execution/Result; (9 bytes) @ 0x0000000103e26f6c [0x0000000103e26b00+0x46c]
J 16711 C1 org.gradle.internal.execution.steps.ResolveCachingStateStep.execute(Lorg/gradle/internal/execution/BeforeExecutionContext;)Lorg/gradle/internal/execution/CachingResult; (143 bytes) @ 0x000000010536da5c [0x000000010536c3c0+0x169c]
J 16706 C1 org.gradle.internal.execution.steps.ResolveCachingStateStep.execute(Lorg/gradle/internal/execution/Context;)Lorg/gradle/internal/execution/Result; (9 bytes) @ 0x0000000102e418f4 [0x0000000102e41780+0x174]
J 8957 C1 org.gradle.internal.execution.steps.CaptureStateBeforeExecutionStep.execute(Lorg/gradle/internal/execution/AfterPreviousExecutionContext;)Lorg/gradle/internal/execution/CachingResult; (45 bytes) @ 0x00000001040b066c [0x00000001040b0360+0x30c]
J 8950 C1 org.gradle.internal.execution.steps.CaptureStateBeforeExecutionStep.execute(Lorg/gradle/internal/execution/Context;)Lorg/gradle/internal/execution/Result; (9 bytes) @ 0x0000000103bbf1a4 [0x0000000103bbf100+0xa4]
J 30646 C1 org.gradle.internal.execution.steps.ValidateStep.execute(Lorg/gradle/internal/execution/Context;)Lorg/gradle/internal/execution/Result; (181 bytes) @ 0x00000001072e82dc [0x00000001072e5aa0+0x283c]
J 8847 C1 org.gradle.internal.execution.steps.SkipEmptyWorkStep.execute(Lorg/gradle/internal/execution/AfterPreviousExecutionContext;)Lorg/gradle/internal/execution/CachingResult; (62 bytes) @ 0x000000010408bb74 [0x0000000104089680+0x24f4]
J 8943 C1 org.gradle.internal.execution.steps.SkipEmptyWorkStep.execute(Lorg/gradle/internal/execution/Context;)Lorg/gradle/internal/execution/Result; (9 bytes) @ 0x0000000103ad1774 [0x0000000103ad1600+0x174]
J 8942 C1 org.gradle.internal.execution.steps.legacy.MarkSnapshottingInputsStartedStep.execute(Lorg/gradle/internal/execution/Context;)Lorg/gradle/internal/execution/Result; (43 bytes) @ 0x00000001037143fc [0x0000000103714180+0x27c]
J 8840 C1 org.gradle.internal.execution.steps.LoadExecutionStateStep.execute(Lorg/gradle/internal/execution/ExecutionRequestContext;)Lorg/gradle/internal/execution/Result; (44 bytes) @ 0x0000000103cdca54 [0x0000000103cdb880+0x11d4]
J 8839 C1 org.gradle.internal.execution.steps.LoadExecutionStateStep.execute(Lorg/gradle/internal/execution/Context;)Lorg/gradle/internal/execution/Result; (9 bytes) @ 0x0000000103d3e234 [0x0000000103d3e0c0+0x174]
J 8838 C1 org.gradle.internal.execution.impl.DefaultWorkExecutor.execute(Lorg/gradle/internal/execution/Context;)Lorg/gradle/internal/execution/Result; (11 bytes) @ 0x000000010358190c [0x0000000103581800+0x10c]
j  org.gradle.api.internal.tasks.execution.ExecuteActionsTaskExecuter.executeIfValid(Lorg/gradle/api/internal/TaskInternal;Lorg/gradle/api/internal/tasks/TaskStateInternal;Lorg/gradle/api/internal/tasks/TaskExecutionContext;Lorg/gradle/api/internal/tasks/execution/ExecuteActionsTaskExecuter$TaskExecution;)Lorg/gradle/api/internal/tasks/TaskExecuterResult;+15
j  org.gradle.api.internal.tasks.execution.ExecuteActionsTaskExecuter.execute(Lorg/gradle/api/internal/TaskInternal;Lorg/gradle/api/internal/tasks/TaskStateInternal;Lorg/gradle/api/internal/tasks/TaskExecutionContext;)Lorg/gradle/api/internal/tasks/TaskExecuterResult;+30
j  org.gradle.api.internal.tasks.execution.CleanupStaleOutputsExecuter.execute(Lorg/gradle/api/internal/TaskInternal;Lorg/gradle/api/internal/tasks/TaskStateInternal;Lorg/gradle/api/internal/tasks/TaskExecutionContext;)Lorg/gradle/api/internal/tasks/TaskExecuterResult;+216
J 15090 C1 org.gradle.api.internal.tasks.execution.FinalizePropertiesTaskExecuter.execute(Lorg/gradle/api/internal/TaskInternal;Lorg/gradle/api/internal/tasks/TaskStateInternal;Lorg/gradle/api/internal/tasks/TaskExecutionContext;)Lorg/gradle/api/internal/tasks/TaskExecuterResult; (168 bytes) @ 0x0000000104fe6ad4 [0x0000000104fe68e0+0x1f4]
J 29948 C1 org.gradle.api.internal.tasks.execution.ResolveTaskExecutionModeExecuter.execute(Lorg/gradle/api/internal/TaskInternal;Lorg/gradle/api/internal/tasks/TaskStateInternal;Lorg/gradle/api/internal/tasks/TaskExecutionContext;)Lorg/gradle/api/internal/tasks/TaskExecuterResult; (139 bytes) @ 0x0000000106ffb894 [0x0000000106ffa7e0+0x10b4]
j  org.gradle.api.internal.tasks.execution.SkipTaskWithNoActionsExecuter.execute(Lorg/gradle/api/internal/TaskInternal;Lorg/gradle/api/internal/tasks/TaskStateInternal;Lorg/gradle/api/internal/tasks/TaskExecutionContext;)Lorg/gradle/api/internal/tasks/TaskExecuterResult;+120
j  org.gradle.api.internal.tasks.execution.SkipOnlyIfTaskExecuter.execute(Lorg/gradle/api/internal/TaskInternal;Lorg/gradle/api/internal/tasks/TaskStateInternal;Lorg/gradle/api/internal/tasks/TaskExecutionContext;)Lorg/gradle/api/internal/tasks/TaskExecuterResult;+91
j  org.gradle.api.internal.tasks.execution.CatchExceptionTaskExecuter.execute(Lorg/gradle/api/internal/TaskInternal;Lorg/gradle/api/internal/tasks/TaskStateInternal;Lorg/gradle/api/internal/tasks/TaskExecutionContext;)Lorg/gradle/api/internal/tasks/TaskExecuterResult;+7
j  org.gradle.api.internal.tasks.execution.EventFiringTaskExecuter$1.executeTask(Lorg/gradle/internal/operations/BuildOperationContext;)Lorg/gradle/api/internal/tasks/TaskExecuterResult;+136
j  org.gradle.api.internal.tasks.execution.EventFiringTaskExecuter$1.call(Lorg/gradle/internal/operations/BuildOperationContext;)Lorg/gradle/api/internal/tasks/TaskExecuterResult;+2
j  org.gradle.api.internal.tasks.execution.EventFiringTaskExecuter$1.call(Lorg/gradle/internal/operations/BuildOperationContext;)Ljava/lang/Object;+2
J 24975 C2 org.gradle.internal.operations.DefaultBuildOperationExecutor.execute(Lorg/gradle/internal/operations/BuildOperationDescriptor$Builder;Lorg/gradle/internal/operations/DefaultBuildOperationExecutor$BuildOperationState;Lorg/gradle/internal/operations/DefaultBuildOperationExecutor$BuildOperationExecution;)Lorg/gradle/internal/operations/BuildOperation; (111 bytes) @ 0x000000010661e430 [0x000000010661dc00+0x830]
J 16063 C2 org.gradle.internal.operations.DefaultBuildOperationExecutor.call(Lorg/gradle/internal/operations/CallableBuildOperation;)Ljava/lang/Object; (38 bytes) @ 0x0000000105248868 [0x00000001052486a0+0x1c8]
J 28422 C2 org.gradle.internal.operations.DelegatingBuildOperationExecutor.call(Lorg/gradle/internal/operations/CallableBuildOperation;)Ljava/lang/Object; (11 bytes) @ 0x0000000104a2cb68 [0x0000000104a2cb20+0x48]
j  org.gradle.api.internal.tasks.execution.EventFiringTaskExecuter.execute(Lorg/gradle/api/internal/TaskInternal;Lorg/gradle/api/internal/tasks/TaskStateInternal;Lorg/gradle/api/internal/tasks/TaskExecutionContext;)Lorg/gradle/api/internal/tasks/TaskExecuterResult;+15
j  org.gradle.execution.plan.LocalTaskNodeExecutor.execute(Lorg/gradle/execution/plan/Node;Lorg/gradle/api/internal/tasks/NodeExecutionContext;)Z+68
j  org.gradle.execution.taskgraph.DefaultTaskExecutionGraph$InvokeNodeExecutorsAction.execute(Lorg/gradle/execution/plan/Node;)V+49
j  org.gradle.execution.taskgraph.DefaultTaskExecutionGraph$InvokeNodeExecutorsAction.execute(Ljava/lang/Object;)V+5
j  org.gradle.execution.taskgraph.DefaultTaskExecutionGraph$BuildOperationAwareExecutionAction.execute(Lorg/gradle/execution/plan/Node;)V+22
j  org.gradle.execution.taskgraph.DefaultTaskExecutionGraph$BuildOperationAwareExecutionAction.execute(Ljava/lang/Object;)V+5
j  org.gradle.execution.plan.DefaultPlanExecutor$ExecutorWorker.lambda$run$0(Lorg/gradle/internal/time/Timer;Ljava/util/concurrent/atomic/AtomicLong;Lorg/gradle/execution/plan/Node;)V+25
J 30876 C1 org.gradle.execution.plan.DefaultPlanExecutor$ExecutorWorker$$Lambda$492.execute(Ljava/lang/Object;)V (20 bytes) @ 0x0000000103ccc0cc [0x0000000103ccbf40+0x18c]
j  org.gradle.execution.plan.DefaultPlanExecutor$ExecutorWorker.execute(Lorg/gradle/execution/plan/Node;Lorg/gradle/internal/work/WorkerLeaseRegistry$WorkerLease;Lorg/gradle/api/Action;)V+9
J 30026 C1 org.gradle.execution.plan.DefaultPlanExecutor$ExecutorWorker.executeNextNode(Lorg/gradle/internal/work/WorkerLeaseRegistry$WorkerLease;Lorg/gradle/api/Action;)Z (61 bytes) @ 0x00000001039b34d4 [0x00000001039b32a0+0x234]
j  org.gradle.execution.plan.DefaultPlanExecutor$ExecutorWorker.run()V+39
J 28241 C2 org.gradle.internal.concurrent.ManagedExecutorImpl$1.run()V (59 bytes) @ 0x0000000103833880 [0x0000000103833680+0x200]
J 32035 C2 java.util.concurrent.ThreadPoolExecutor.runWorker(Ljava/util/concurrent/ThreadPoolExecutor$Worker;)V (225 bytes) @ 0x000000010775dc28 [0x000000010775d880+0x3a8]
J 15973 C1 java.util.concurrent.ThreadPoolExecutor$Worker.run()V (9 bytes) @ 0x00000001051f6c04 [0x00000001051f6b00+0x104]
J 15978 C1 org.gradle.internal.concurrent.ThreadFactoryImpl$ManagedThreadRunnable.run()V (13 bytes) @ 0x00000001051f88f4 [0x00000001051f83a0+0x554]
J 15972 C1 java.lang.Thread.run()V (17 bytes) @ 0x00000001051f7084 [0x00000001051f6f40+0x144]
v  ~StubRoutines::call_stub
V  [libjvm.dylib+0x2f0792]
V  [libjvm.dylib+0x2f0f36]
V  [libjvm.dylib+0x2f10e2]
V  [libjvm.dylib+0x34b9d1]
V  [libjvm.dylib+0x571817]
V  [libjvm.dylib+0x572f12]
V  [libjvm.dylib+0x48f0fa]
C  [libsystem_pthread.dylib+0x32eb]  _pthread_body+0x7e
C  [libsystem_pthread.dylib+0x6249]  _pthread_start+0x42
C  [libsystem_pthread.dylib+0x240d]  thread_start+0xd
C  0x0000000000000000


---------------  P R O C E S S  ---------------

Java Threads: ( => current thread )
  0x00007f9124460800 JavaThread "ForkJoinPool.commonPool-worker-3" daemon [_thread_blocked, id=58163, stack(0x000070000f5b8000,0x000070000f6b8000)]
  0x00007f9123f3d000 JavaThread "ForkJoinPool.commonPool-worker-2" daemon [_thread_blocked, id=39731, stack(0x000070000f3b2000,0x000070000f4b2000)]
  0x00007f9125ad6000 JavaThread "ForkJoinPool.commonPool-worker-1" daemon [_thread_blocked, id=65283, stack(0x000070000f2af000,0x000070000f3af000)]
  0x00007f91244de000 JavaThread "WorkerExecutor Queue Thread 7" [_thread_blocked, id=71735, stack(0x000070000f1ac000,0x000070000f2ac000)]
  0x00007f9123454000 JavaThread "WorkerExecutor Queue Thread 6" [_thread_blocked, id=87343, stack(0x000070000ea97000,0x000070000eb97000)]
  0x00007f9123023800 JavaThread "WorkerExecutor Queue Thread 4" [_thread_blocked, id=76331, stack(0x000070000f4b5000,0x000070000f5b5000)]
  0x00007f9125810800 JavaThread "Cache worker for Java compile cache (/Users/HuuPhu/AndroidStudioProjects/SpeechToText/.gradle/6.5/javaCompile)" [_thread_blocked, id=26159, stack(0x000070000efa6000,0x000070000f0a6000)]
  0x00007f9125a05800 JavaThread "WorkerExecutor Queue Thread 3" [_thread_blocked, id=45619, stack(0x000070000f0a9000,0x000070000f1a9000)]
  0x00007f9125ec6000 JavaThread "stdout" [_thread_in_native, id=46403, stack(0x000070000eda0000,0x000070000eea0000)]
  0x00007f9125f23000 JavaThread "stderr" [_thread_in_native, id=22827, stack(0x000070000ec9d000,0x000070000ed9d000)]
  0x00007f91231e9000 JavaThread "process reaper" daemon [_thread_in_native, id=75051, stack(0x0000700005cf0000,0x0000700005d18000)]
  0x00007f9129ac9000 JavaThread "pool-37-thread-1" [_thread_blocked, id=61503, stack(0x000070000eb9a000,0x000070000ec9a000)]
  0x00007f911fe12800 JavaThread "Cache worker for execution history cache (/Users/HuuPhu/AndroidStudioProjects/SpeechToText/.gradle/6.5/executionHistory)" [_thread_blocked, id=54059, stack(0x000070000e994000,0x000070000ea94000)]
  0x00007f9124e3d800 JavaThread "Execution worker for ':' Thread 3" [_thread_blocked, id=57899, stack(0x000070000e891000,0x000070000e991000)]
=>0x00007f9120f8b800 JavaThread "Execution worker for ':' Thread 2" [_thread_in_Java, id=129043, stack(0x000070000e68b000,0x000070000e78b000)]
  0x00007f911fe12000 JavaThread "Execution worker for ':'" [_thread_blocked, id=89375, stack(0x000070000e588000,0x000070000e688000)]
  0x00007f9124e3a000 JavaThread "Cache worker for file content cache (/Users/HuuPhu/AndroidStudioProjects/SpeechToText/.gradle/6.5/fileContent)" [_thread_blocked, id=80427, stack(0x000070000e485000,0x000070000e585000)]
  0x00007f9124632800 JavaThread "Cache worker for Build Output Cleanup Cache (/Users/HuuPhu/AndroidStudioProjects/SpeechToText/.gradle/buildOutputCleanup)" [_thread_blocked, id=37427, stack(0x000070000e382000,0x000070000e482000)]
  0x00007f91216b8800 JavaThread "jar transforms Thread 1022" [_thread_blocked, id=50475, stack(0x000070000e27f000,0x000070000e37f000)]
  0x00007f91216b7800 JavaThread "jar transforms Thread 1021" [_thread_blocked, id=84523, stack(0x000070000e079000,0x000070000e179000)]
  0x00007f91216b7000 JavaThread "jar transforms Thread 1020" [_thread_blocked, id=76587, stack(0x000070000df76000,0x000070000e076000)]
  0x00007f912079a000 JavaThread "jar transforms Thread 1019" [_thread_blocked, id=56875, stack(0x000070000de73000,0x000070000df73000)]
  0x00007f9120799000 JavaThread "jar transforms Thread 1018" [_thread_blocked, id=84779, stack(0x000070000dd70000,0x000070000de70000)]
  0x00007f912484f800 JavaThread "jar transforms Thread 1017" [_thread_blocked, id=23339, stack(0x000070000dc6d000,0x000070000dd6d000)]
  0x00007f9120798800 JavaThread "jar transforms Thread 1016" [_thread_blocked, id=48427, stack(0x000070000db6a000,0x000070000dc6a000)]
  0x00007f9120514800 JavaThread "jar transforms Thread 1015" [_thread_blocked, id=83503, stack(0x000070000da67000,0x000070000db67000)]
  0x00007f9120514000 JavaThread "jar transforms Thread 1014" [_thread_blocked, id=26663, stack(0x000070000d964000,0x000070000da64000)]
  0x00007f9120513000 JavaThread "jar transforms Thread 1013" [_thread_blocked, id=90139, stack(0x000070000d861000,0x000070000d961000)]
  0x00007f91257b4800 JavaThread "jar transforms Thread 1012" [_thread_blocked, id=40243, stack(0x000070000d75e000,0x000070000d85e000)]
  0x00007f9120512800 JavaThread "jar transforms Thread 1011" [_thread_blocked, id=55627, stack(0x000070000d65b000,0x000070000d75b000)]
  0x00007f912484e800 JavaThread "jar transforms Thread 1010" [_thread_blocked, id=36651, stack(0x000070000d558000,0x000070000d658000)]
  0x00007f9120d10800 JavaThread "jar transforms Thread 1009" [_thread_blocked, id=34091, stack(0x000070000d455000,0x000070000d555000)]
  0x00007f9125094800 JavaThread "jar transforms Thread 1008" [_thread_blocked, id=60203, stack(0x000070000d352000,0x000070000d452000)]
  0x00007f9120511800 JavaThread "jar transforms Thread 1007" [_thread_blocked, id=81451, stack(0x000070000d24f000,0x000070000d34f000)]
  0x00007f9125247800 JavaThread "jar transforms Thread 1006" [_thread_blocked, id=54827, stack(0x000070000d14c000,0x000070000d24c000)]
  0x00007f9120511000 JavaThread "jar transforms Thread 1005" [_thread_blocked, id=88863, stack(0x000070000d049000,0x000070000d149000)]
  0x00007f9120510000 JavaThread "jar transforms Thread 1004" [_thread_blocked, id=41771, stack(0x000070000cf46000,0x000070000d046000)]
  0x00007f9120cff000 JavaThread "jar transforms Thread 1003" [_thread_blocked, id=74283, stack(0x000070000ce43000,0x000070000cf43000)]
  0x00007f91214a9000 JavaThread "jar transforms Thread 1002" [_thread_blocked, id=43307, stack(0x000070000cd40000,0x000070000ce40000)]
  0x00007f912050f800 JavaThread "jar transforms Thread 1001" [_thread_blocked, id=128027, stack(0x000070000cc3d000,0x000070000cd3d000)]
  0x00007f91214a8800 JavaThread "jar transforms Thread 1000" [_thread_blocked, id=59947, stack(0x000070000cb3a000,0x000070000cc3a000)]
  0x00007f9120d0d800 JavaThread "jar transforms Thread 999" [_thread_blocked, id=82219, stack(0x000070000ca37000,0x000070000cb37000)]
  0x00007f91214a7800 JavaThread "jar transforms Thread 998" [_thread_blocked, id=60727, stack(0x000070000c934000,0x000070000ca34000)]
  0x00007f912050e800 JavaThread "jar transforms Thread 997" [_thread_blocked, id=78891, stack(0x000070000c831000,0x000070000c931000)]
  0x00007f91214a7000 JavaThread "jar transforms Thread 996" [_thread_blocked, id=74539, stack(0x000070000c72e000,0x000070000c82e000)]
  0x00007f91214a6000 JavaThread "jar transforms Thread 995" [_thread_blocked, id=75559, stack(0x000070000c62b000,0x000070000c72b000)]
  0x00007f9120540000 JavaThread "jar transforms Thread 994" [_thread_blocked, id=65835, stack(0x000070000c528000,0x000070000c628000)]
  0x00007f9120d1e000 JavaThread "jar transforms Thread 993" [_thread_blocked, id=88095, stack(0x000070000c425000,0x000070000c525000)]
  0x00007f9120ddb800 JavaThread "jar transforms Thread 992" [_thread_blocked, id=85547, stack(0x000070000c322000,0x000070000c422000)]
  0x00007f9120e08000 JavaThread "jar transforms Thread 991" [_thread_blocked, id=3351, stack(0x000070000c21f000,0x000070000c31f000)]
  0x00007f912053f000 JavaThread "jar transforms Thread 990" [_thread_blocked, id=73259, stack(0x000070000c11c000,0x000070000c21c000)]
  0x00007f912484e000 JavaThread "jar transforms Thread 989" [_thread_blocked, id=73515, stack(0x000070000c019000,0x000070000c119000)]
  0x00007f912484d000 JavaThread "jar transforms Thread 988" [_thread_blocked, id=59691, stack(0x000070000bf16000,0x000070000c016000)]
  0x00007f9124d53800 JavaThread "jar transforms Thread 987" [_thread_blocked, id=53035, stack(0x000070000be13000,0x000070000bf13000)]
  0x00007f912053e800 JavaThread "jar transforms Thread 986" [_thread_blocked, id=74795, stack(0x000070000bd10000,0x000070000be10000)]
  0x00007f9124d53000 JavaThread "jar transforms Thread 985" [_thread_blocked, id=36907, stack(0x000070000bc0d000,0x000070000bd0d000)]
  0x00007f9120e20800 JavaThread "jar transforms Thread 984" [_thread_blocked, id=61239, stack(0x000070000bb0a000,0x000070000bc0a000)]
  0x00007f912053d800 JavaThread "jar transforms Thread 983" [_thread_blocked, id=90907, stack(0x000070000ba07000,0x000070000bb07000)]
  0x00007f91214a5800 JavaThread "jar transforms Thread 982" [_thread_blocked, id=53307, stack(0x000070000b904000,0x000070000ba04000)]
  0x00007f91203e3000 JavaThread "jar transforms Thread 981" [_thread_blocked, id=63531, stack(0x000070000b801000,0x000070000b901000)]
  0x00007f912514f000 JavaThread "jar transforms Thread 980" [_thread_blocked, id=75819, stack(0x000070000b6fe000,0x000070000b7fe000)]
  0x00007f91214a4800 JavaThread "jar transforms Thread 979" [_thread_blocked, id=68099, stack(0x000070000b5fb000,0x000070000b6fb000)]
  0x00007f91214a4000 JavaThread "jar transforms Thread 978" [_thread_blocked, id=52779, stack(0x000070000b4f8000,0x000070000b5f8000)]
  0x00007f9125151800 JavaThread "jar transforms Thread 977" [_thread_blocked, id=57643, stack(0x000070000b3f5000,0x000070000b4f5000)]
  0x00007f91203e2800 JavaThread "jar transforms Thread 976" [_thread_blocked, id=28163, stack(0x000070000b2f2000,0x000070000b3f2000)]
  0x00007f912028b000 JavaThread "jar transforms Thread 975" [_thread_blocked, id=52523, stack(0x000070000b1ef000,0x000070000b2ef000)]
  0x00007f9125340800 JavaThread "jar transforms Thread 974" [_thread_blocked, id=35883, stack(0x000070000b0ec000,0x000070000b1ec000)]
  0x00007f9124d52000 JavaThread "jar transforms Thread 973" [_thread_blocked, id=53547, stack(0x000070000afe9000,0x000070000b0e9000)]
  0x00007f9125347800 JavaThread "jar transforms Thread 972" [_thread_blocked, id=51499, stack(0x000070000aee6000,0x000070000afe6000)]
  0x00007f91253c3000 JavaThread "jar transforms Thread 971" [_thread_blocked, id=72259, stack(0x000070000ade3000,0x000070000aee3000)]
  0x00007f912028a800 JavaThread "jar transforms Thread 970" [_thread_blocked, id=38967, stack(0x000070000ace0000,0x000070000ade0000)]
  0x00007f9124ce6800 JavaThread "jar transforms Thread 969" [_thread_blocked, id=129567, stack(0x000070000abdd000,0x000070000acdd000)]
  0x00007f9124ce5800 JavaThread "jar transforms Thread 968" [_thread_blocked, id=87839, stack(0x000070000aada000,0x000070000abda000)]
  0x00007f9124e7b800 JavaThread "jar transforms Thread 967" [_thread_blocked, id=86059, stack(0x000070000a9d7000,0x000070000aad7000)]
  0x00007f912074e000 JavaThread "jar transforms Thread 966" [_thread_blocked, id=62019, stack(0x000070000a8d4000,0x000070000a9d4000)]
  0x00007f9124e7b000 JavaThread "jar transforms Thread 965" [_thread_blocked, id=40491, stack(0x000070000a7d1000,0x000070000a8d1000)]
  0x00007f9124fd7800 JavaThread "jar transforms Thread 964" [_thread_blocked, id=66091, stack(0x000070000a6ce000,0x000070000a7ce000)]
  0x00007f912494b000 JavaThread "jar transforms Thread 963" [_thread_blocked, id=47163, stack(0x000070000a5cb000,0x000070000a6cb000)]
  0x00007f9124c8f000 JavaThread "jar transforms Thread 962" [_thread_blocked, id=30251, stack(0x000070000a4c8000,0x000070000a5c8000)]
  0x00007f9124e61800 JavaThread "jar transforms Thread 961" [_thread_blocked, id=79659, stack(0x000070000a3c5000,0x000070000a4c5000)]
  0x00007f91214a3000 JavaThread "jar transforms Thread 960" [_thread_blocked, id=54315, stack(0x000070000a2c2000,0x000070000a3c2000)]
  0x00007f9125563800 JavaThread "jar transforms Thread 959" [_thread_blocked, id=60459, stack(0x000070000a1bf000,0x000070000a2bf000)]
  0x00007f91214a2800 JavaThread "jar transforms Thread 958" [_thread_blocked, id=82479, stack(0x000070000a0bc000,0x000070000a1bc000)]
  0x00007f9124cfb800 JavaThread "jar transforms Thread 957" [_thread_blocked, id=85819, stack(0x0000700009fb9000,0x000070000a0b9000)]
  0x00007f9129918000 JavaThread "jar transforms Thread 956" [_thread_blocked, id=68907, stack(0x0000700009eb6000,0x0000700009fb6000)]
  0x00007f912074d800 JavaThread "jar transforms Thread 955" [_thread_blocked, id=127771, stack(0x0000700009db3000,0x0000700009eb3000)]
  0x00007f91206f6800 JavaThread "jar transforms Thread 954" [_thread_blocked, id=46891, stack(0x0000700009cb0000,0x0000700009db0000)]
  0x00007f9129917000 JavaThread "jar transforms Thread 953" [_thread_blocked, id=83243, stack(0x0000700009bad000,0x0000700009cad000)]
  0x00007f9129916800 JavaThread "jar transforms Thread 952" [_thread_blocked, id=42027, stack(0x0000700009aaa000,0x0000700009baa000)]
  0x00007f91255d3800 JavaThread "jar transforms Thread 951" [_thread_blocked, id=55083, stack(0x00007000099a7000,0x0000700009aa7000)]
  0x00007f9129915800 JavaThread "jar transforms Thread 950" [_thread_blocked, id=80963, stack(0x00007000098a4000,0x00007000099a4000)]
  0x00007f9125699800 JavaThread "jar transforms Thread 949" [_thread_blocked, id=128283, stack(0x00007000097a1000,0x00007000098a1000)]
  0x00007f912083b800 JavaThread "jar transforms Thread 948" [_thread_blocked, id=27455, stack(0x000070000969e000,0x000070000979e000)]
  0x00007f91248ab000 JavaThread "jar transforms Thread 947" [_thread_blocked, id=44587, stack(0x000070000959b000,0x000070000969b000)]
  0x00007f9129915000 JavaThread "jar transforms Thread 946" [_thread_blocked, id=23083, stack(0x0000700009498000,0x0000700009598000)]
  0x00007f9129914000 JavaThread "jar transforms Thread 945" [_thread_blocked, id=43819, stack(0x0000700009395000,0x0000700009495000)]
  0x00007f912083d000 JavaThread "jar transforms Thread 944" [_thread_blocked, id=45371, stack(0x0000700009292000,0x0000700009392000)]
  0x00007f912084b800 JavaThread "jar transforms Thread 943" [_thread_blocked, id=57147, stack(0x000070000918f000,0x000070000928f000)]
  0x00007f91206f6000 JavaThread "jar transforms Thread 942" [_thread_blocked, id=90395, stack(0x000070000908c000,0x000070000918c000)]
  0x00007f9129913800 JavaThread "jar transforms Thread 941" [_thread_blocked, id=78635, stack(0x0000700008f89000,0x0000700009089000)]
  0x00007f91202d2800 JavaThread "jar transforms Thread 940" [_thread_blocked, id=62511, stack(0x0000700008e86000,0x0000700008f86000)]
  0x00007f9120897000 JavaThread "jar transforms Thread 939" [_thread_blocked, id=24623, stack(0x0000700008d83000,0x0000700008e83000)]
  0x00007f912074b000 JavaThread "jar transforms Thread 938" [_thread_blocked, id=86827, stack(0x0000700008c80000,0x0000700008d80000)]
  0x00007f912090a800 JavaThread "jar transforms Thread 937" [_thread_blocked, id=86315, stack(0x0000700008b7d000,0x0000700008c7d000)]
  0x00007f91201de800 JavaThread "jar transforms Thread 936" [_thread_blocked, id=33835, stack(0x0000700008a7a000,0x0000700008b7a000)]
  0x00007f9120974800 JavaThread "jar transforms Thread 935" [_thread_blocked, id=68399, stack(0x0000700008977000,0x0000700008a77000)]
  0x00007f9120a5a800 JavaThread "jar transforms Thread 934" [_thread_blocked, id=77099, stack(0x0000700008874000,0x0000700008974000)]
  0x00007f9120bd3800 JavaThread "jar transforms Thread 933" [_thread_blocked, id=81963, stack(0x0000700008771000,0x0000700008871000)]
  0x00007f9129912800 JavaThread "jar transforms Thread 932" [_thread_blocked, id=44075, stack(0x000070000866e000,0x000070000876e000)]
  0x00007f9129912000 JavaThread "jar transforms Thread 931" [_thread_blocked, id=15915, stack(0x000070000856b000,0x000070000866b000)]
  0x00007f9124b41800 JavaThread "jar transforms Thread 930" [_thread_blocked, id=72507, stack(0x0000700008468000,0x0000700008568000)]
  0x00007f912021c000 JavaThread "jar transforms Thread 929" [_thread_blocked, id=66851, stack(0x0000700008365000,0x0000700008465000)]
  0x00007f9129911000 JavaThread "Build operations Thread 4" [_thread_blocked, id=53803, stack(0x0000700008262000,0x0000700008362000)]
  0x00007f911f869000 JavaThread "Build operations Thread 3" [_thread_blocked, id=61743, stack(0x000070000815f000,0x000070000825f000)]
  0x00007f912049a800 JavaThread "Build operations Thread 2" [_thread_blocked, id=56363, stack(0x000070000805c000,0x000070000815c000)]
  0x00007f9120545800 JavaThread "Build operations" [_thread_blocked, id=64295, stack(0x0000700007e56000,0x0000700007f56000)]
  0x00007f912074f800 JavaThread "Cache worker for cache directory md-rule (/Users/HuuPhu/.gradle/caches/6.5/md-rule)" [_thread_blocked, id=51755, stack(0x0000700007c50000,0x0000700007d50000)]
  0x00007f9120dd9000 JavaThread "Cache worker for cache directory md-supplier (/Users/HuuPhu/.gradle/caches/6.5/md-supplier)" [_thread_blocked, id=28971, stack(0x0000700007b4d000,0x0000700007c4d000)]
  0x00007f9121382000 JavaThread "Cache worker for checksums cache (/Users/HuuPhu/AndroidStudioProjects/SpeechToText/.gradle/checksums)" [_thread_blocked, id=25911, stack(0x0000700007a4a000,0x0000700007b4a000)]
  0x00007f91248ac000 JavaThread "Cache worker for file hash cache (/Users/HuuPhu/AndroidStudioProjects/SpeechToText/.gradle/6.5/fileHashes)" [_thread_blocked, id=72747, stack(0x0000700007947000,0x0000700007a47000)]
  0x00007f9124cca000 JavaThread "Thread-1318" [_thread_blocked, id=50731, stack(0x000070000753b000,0x000070000763b000)]
  0x00007f911f973000 JavaThread "Stdin handler" [_thread_blocked, id=12591, stack(0x0000700007438000,0x0000700007538000)]
  0x00007f9120edd000 JavaThread "Asynchronous log dispatcher for DefaultDaemonConnection: socket connection from /127.0.0.1:61267 to /127.0.0.1:50083" [_thread_blocked, id=27179, stack(0x0000700007335000,0x0000700007435000)]
  0x00007f911ff0f000 JavaThread "Daemon worker Thread 10" [_thread_blocked, id=67383, stack(0x0000700007232000,0x0000700007332000)]
  0x00007f9124e54000 JavaThread "Cancel handler" [_thread_blocked, id=50987, stack(0x000070000712f000,0x000070000722f000)]
  0x00007f912078d800 JavaThread "Handler for socket connection from /127.0.0.1:61267 to /127.0.0.1:50083" [_thread_in_native, id=16171, stack(0x000070000702c000,0x000070000712c000)]
  0x00007f9124e9d800 JavaThread "Daemon Thread 10" [_thread_blocked, id=12819, stack(0x0000700006f29000,0x0000700007029000)]
  0x00007f9127098800 JavaThread "Java2D Disposer" daemon [_thread_blocked, id=30495, stack(0x000070000eea3000,0x000070000efa3000)]
  0x00007f9120cfd000 JavaThread "AWT-AppKit" daemon [_thread_in_native, id=775, stack(0x00007ffeef0ee000,0x00007ffeef8ee000)]
  0x00007f91249ac800 JavaThread "Cache worker for Java compile cache (/Users/HuuPhu/.gradle/caches/6.5/javaCompile)" [_thread_blocked, id=62723, stack(0x000070000e78e000,0x000070000e88e000)]
  0x00007f912416c000 JavaThread "Memory manager" [_thread_blocked, id=70147, stack(0x000070000e17c000,0x000070000e27c000)]
  0x00007f9120220000 JavaThread "Cache worker for file content cache (/Users/HuuPhu/.gradle/caches/6.5/fileContent)" [_thread_blocked, id=25347, stack(0x0000700007f59000,0x0000700008059000)]
  0x00007f9120b1c800 JavaThread "Cache worker for execution history cache (/Users/HuuPhu/.gradle/caches/6.5/executionHistory)" [_thread_blocked, id=25091, stack(0x0000700007d53000,0x0000700007e53000)]
  0x00007f911f891000 JavaThread "Cache worker for file hash cache (/Users/HuuPhu/.gradle/caches/6.5/fileHashes)" [_thread_blocked, id=42499, stack(0x0000700007844000,0x0000700007944000)]
  0x00007f912159d800 JavaThread "File lock request listener" [_thread_in_native, id=42755, stack(0x0000700007741000,0x0000700007841000)]
  0x00007f9120c69800 JavaThread "Cache worker for journal cache (/Users/HuuPhu/.gradle/caches/journal-1)" [_thread_blocked, id=43011, stack(0x000070000763e000,0x000070000773e000)]
  0x00007f912158e000 JavaThread "Daemon periodic checks" [_thread_blocked, id=14851, stack(0x0000700006e26000,0x0000700006f26000)]
  0x00007f9121558000 JavaThread "Incoming local TCP Connector on port 61267" [_thread_in_native, id=16387, stack(0x0000700006d23000,0x0000700006e23000)]
  0x00007f9121582000 JavaThread "Daemon health stats" [_thread_blocked, id=16899, stack(0x0000700006c20000,0x0000700006d20000)]
  0x00007f912080b800 JavaThread "Service Thread" daemon [_thread_blocked, id=17411, stack(0x0000700006a1a000,0x0000700006b1a000)]
  0x00007f911f824800 JavaThread "C1 CompilerThread2" daemon [_thread_blocked, id=17667, stack(0x0000700006917000,0x0000700006a17000)]
  0x00007f911f823800 JavaThread "C2 CompilerThread1" daemon [_thread_in_vm, id=18179, stack(0x0000700006814000,0x0000700006914000)]
  0x00007f9120042000 JavaThread "C2 CompilerThread0" daemon [_thread_in_native, id=18435, stack(0x0000700006711000,0x0000700006811000)]
  0x00007f911f81d000 JavaThread "Signal Dispatcher" daemon [_thread_blocked, id=13059, stack(0x000070000660e000,0x000070000670e000)]
  0x00007f9121017800 JavaThread "Finalizer" daemon [_thread_blocked, id=12291, stack(0x000070000650b000,0x000070000660b000)]
  0x00007f911f816000 JavaThread "Reference Handler" daemon [_thread_blocked, id=20995, stack(0x0000700006408000,0x0000700006508000)]
  0x00007f9120002000 JavaThread "main" [_thread_blocked, id=5891, stack(0x0000700005df6000,0x0000700005ef6000)]

Other Threads:
  0x00007f911f813000 VMThread [stack: 0x0000700006305000,0x0000700006405000] [id=21251]
  0x00007f9120032000 WatcherThread [stack: 0x0000700006b1d000,0x0000700006c1d000] [id=17155]

VM state:not at safepoint (normal execution)

VM Mutex/Monitor currently owned by a thread:  ([mutex/lock_event])
[0x00007f911f50e7b0] CompiledIC_lock - owner thread: 0x0000000000000000

heap address: 0x0000000740000000, size: 2048 MB, Compressed Oops mode: Zero based, Oop shift amount: 3
Narrow klass base: 0x0000000000000000, Narrow klass shift: 3
Compressed class space size: 1073741824 Address: 0x00000007c0000000

Heap:
 PSYoungGen      total 607744K, used 39840K [0x0000000795580000, 0x00000007bfd80000, 0x00000007c0000000)
  eden space 525824K, 2% used [0x0000000795580000,0x00000007961b6a30,0x00000007b5700000)
  from space 81920K, 33% used [0x00000007b5700000,0x00000007b71b1840,0x00000007ba700000)
  to   space 77824K, 0% used [0x00000007bb180000,0x00000007bb180000,0x00000007bfd80000)
 ParOldGen       total 213504K, used 120472K [0x0000000740000000, 0x000000074d080000, 0x0000000795580000)
  object space 213504K, 56% used [0x0000000740000000,0x00000007475a6180,0x000000074d080000)
 Metaspace       used 154962K, capacity 165968K, committed 166272K, reserved 1191936K
  class space    used 20763K, capacity 22796K, committed 22912K, reserved 1048576K

Card table byte_map: [0x0000000100fc0000,0x00000001013c1000] byte_map_base: 0x00000000fd5c0000

Marking Bits: (ParMarkBitMap*) 0x0000000102396eb0
 Begin Bits: [0x0000000111a54000, 0x0000000113a54000)
 End Bits:   [0x0000000113a54000, 0x0000000115a54000)

Polling page: 0x000000010038d000

CodeCache: size=245760Kb used=79255Kb max_used=79267Kb free=166504Kb
 bounds [0x0000000102a54000, 0x0000000107854000, 0x0000000111a54000]
 total_blobs=25022 nmethods=23984 adapters=949
 compilation: enabled

Compilation events (10 events):
Event: 4075.106 Thread 0x00007f911f824800 32824       2       sun.security.util.DerInputStream::getPositiveBigInteger (37 bytes)
Event: 4075.121 Thread 0x00007f911f824800 nmethod 32824 0x00000001073d77d0 code [0x00000001073d7980, 0x00000001073d7c28]
Event: 4078.817 Thread 0x00007f911f823800 nmethod 32792 0x000000010783d6d0 code [0x000000010783dc20, 0x0000000107840870]
Event: 4078.828 Thread 0x00007f911f823800 32796       4       com.android.tools.r8.dex.r$$Lambda$1938/1546768039::compare (16 bytes)
Event: 4079.249 Thread 0x00007f911f823800 nmethod 32796 0x000000010765f810 code [0x000000010765f980, 0x000000010765fae8]
Event: 4079.356 Thread 0x00007f911f824800 32825       3       java.math.BigInteger::oddModPow (792 bytes)
Event: 4079.422 Thread 0x00007f911f824800 nmethod 32825 0x0000000107818fd0 code [0x0000000107819420, 0x000000010781c2f8]
Event: 4079.422 Thread 0x00007f911f824800 32826       3       java.math.MutableBigInteger::toIntArray (39 bytes)
Event: 4079.424 Thread 0x00007f911f824800 nmethod 32826 0x0000000102cf9490 code [0x0000000102cf9600, 0x0000000102cf98d0]
Event: 4079.512 Thread 0x00007f911f823800 32799       4       com.android.tools.r8.utils.m0$$Lambda$1937/1304363297::accept (11 bytes)

GC Heap History (10 events):
Event: 1900.620 GC heap before
{Heap before GC invocations=33 (full 6):
 PSYoungGen      total 613888K, used 7757K [0x0000000795580000, 0x00000007c0000000, 0x00000007c0000000)
  eden space 541184K, 0% used [0x0000000795580000,0x0000000795580000,0x00000007b6600000)
  from space 72704K, 10% used [0x00000007b6600000,0x00000007b6d93430,0x00000007bad00000)
  to   space 72704K, 0% used [0x00000007bb900000,0x00000007bb900000,0x00000007c0000000)
 ParOldGen       total 226816K, used 190830K [0x0000000740000000, 0x000000074dd80000, 0x0000000795580000)
  object space 226816K, 84% used [0x0000000740000000,0x000000074ba5b938,0x000000074dd80000)
 Metaspace       used 148686K, capacity 157884K, committed 158080K, reserved 1185792K
  class space    used 19957K, capacity 21621K, committed 21632K, reserved 1048576K
Event: 1909.090 GC heap after
Heap after GC invocations=33 (full 6):
 PSYoungGen      total 613888K, used 0K [0x0000000795580000, 0x00000007c0000000, 0x00000007c0000000)
  eden space 541184K, 0% used [0x0000000795580000,0x0000000795580000,0x00000007b6600000)
  from space 72704K, 0% used [0x00000007b6600000,0x00000007b6600000,0x00000007bad00000)
  to   space 72704K, 0% used [0x00000007bb900000,0x00000007bb900000,0x00000007c0000000)
 ParOldGen       total 213504K, used 96183K [0x0000000740000000, 0x000000074d080000, 0x0000000795580000)
  object space 213504K, 45% used [0x0000000740000000,0x0000000745dedce0,0x000000074d080000)
 Metaspace       used 148438K, capacity 157180K, committed 158080K, reserved 1185792K
  class space    used 19877K, capacity 21503K, committed 21632K, reserved 1048576K
}
Event: 1941.502 GC heap before
{Heap before GC invocations=34 (full 6):
 PSYoungGen      total 613888K, used 541184K [0x0000000795580000, 0x00000007c0000000, 0x00000007c0000000)
  eden space 541184K, 100% used [0x0000000795580000,0x00000007b6600000,0x00000007b6600000)
  from space 72704K, 0% used [0x00000007b6600000,0x00000007b6600000,0x00000007bad00000)
  to   space 72704K, 0% used [0x00000007bb900000,0x00000007bb900000,0x00000007c0000000)
 ParOldGen       total 213504K, used 96183K [0x0000000740000000, 0x000000074d080000, 0x0000000795580000)
  object space 213504K, 45% used [0x0000000740000000,0x0000000745dedce0,0x000000074d080000)
 Metaspace       used 150672K, capacity 159776K, committed 160000K, reserved 1187840K
  class space    used 20181K, capacity 21895K, committed 22016K, reserved 1048576K
Event: 1942.986 GC heap after
Heap after GC invocations=34 (full 6):
 PSYoungGen      total 596480K, used 72689K [0x0000000795580000, 0x00000007c0000000, 0x00000007c0000000)
  eden space 523776K, 0% used [0x0000000795580000,0x0000000795580000,0x00000007b5500000)
  from space 72704K, 99% used [0x00000007bb900000,0x00000007bfffc488,0x00000007c0000000)
  to   space 87552K, 0% used [0x00000007b5500000,0x00000007b5500000,0x00000007baa80000)
 ParOldGen       total 213504K, used 105081K [0x0000000740000000, 0x000000074d080000, 0x0000000795580000)
  object space 213504K, 49% used [0x0000000740000000,0x000000074669e460,0x000000074d080000)
 Metaspace       used 150672K, capacity 159776K, committed 160000K, reserved 1187840K
  class space    used 20181K, capacity 21895K, committed 22016K, reserved 1048576K
}
Event: 2454.237 GC heap before
{Heap before GC invocations=35 (full 6):
 PSYoungGen      total 596480K, used 596465K [0x0000000795580000, 0x00000007c0000000, 0x00000007c0000000)
  eden space 523776K, 100% used [0x0000000795580000,0x00000007b5500000,0x00000007b5500000)
  from space 72704K, 99% used [0x00000007bb900000,0x00000007bfffc488,0x00000007c0000000)
  to   space 87552K, 0% used [0x00000007b5500000,0x00000007b5500000,0x00000007baa80000)
 ParOldGen       total 213504K, used 105081K [0x0000000740000000, 0x000000074d080000, 0x0000000795580000)
  object space 213504K, 49% used [0x0000000740000000,0x000000074669e460,0x000000074d080000)
 Metaspace       used 154085K, capacity 164810K, committed 165120K, reserved 1191936K
  class space    used 20693K, capacity 22659K, committed 22784K, reserved 1048576K
Event: 2454.924 GC heap after
Heap after GC invocations=35 (full 6):
 PSYoungGen      total 611328K, used 16655K [0x0000000795580000, 0x00000007c0000000, 0x00000007c0000000)
  eden space 523776K, 0% used [0x0000000795580000,0x0000000795580000,0x00000007b5500000)
  from space 87552K, 19% used [0x00000007b5500000,0x00000007b6543d10,0x00000007baa80000)
  to   space 85504K, 0% used [0x00000007bac80000,0x00000007bac80000,0x00000007c0000000)
 ParOldGen       total 213504K, used 117551K [0x0000000740000000, 0x000000074d080000, 0x0000000795580000)
  object space 213504K, 55% used [0x0000000740000000,0x00000007472cbc20,0x000000074d080000)
 Metaspace       used 154085K, capacity 164810K, committed 165120K, reserved 1191936K
  class space    used 20693K, capacity 22659K, committed 22784K, reserved 1048576K
}
Event: 3261.665 GC heap before
{Heap before GC invocations=36 (full 6):
 PSYoungGen      total 611328K, used 539555K [0x0000000795580000, 0x00000007c0000000, 0x00000007c0000000)
  eden space 523776K, 99% used [0x0000000795580000,0x00000007b5425078,0x00000007b5500000)
  from space 87552K, 19% used [0x00000007b5500000,0x00000007b6543d10,0x00000007baa80000)
  to   space 85504K, 0% used [0x00000007bac80000,0x00000007bac80000,0x00000007c0000000)
 ParOldGen       total 213504K, used 117551K [0x0000000740000000, 0x000000074d080000, 0x0000000795580000)
  object space 213504K, 55% used [0x0000000740000000,0x00000007472cbc20,0x000000074d080000)
 Metaspace       used 154607K, capacity 165462K, committed 165632K, reserved 1191936K
  class space    used 20743K, capacity 22741K, committed 22784K, reserved 1048576K
Event: 3264.141 GC heap after
Heap after GC invocations=36 (full 6):
 PSYoungGen      total 602112K, used 22329K [0x0000000795580000, 0x00000007bf700000, 0x00000007c0000000)
  eden space 525824K, 0% used [0x0000000795580000,0x0000000795580000,0x00000007b5700000)
  from space 76288K, 29% used [0x00000007bac80000,0x00000007bc24e568,0x00000007bf700000)
  to   space 81920K, 0% used [0x00000007b5700000,0x00000007b5700000,0x00000007ba700000)
 ParOldGen       total 213504K, used 120472K [0x0000000740000000, 0x000000074d080000, 0x0000000795580000)
  object space 213504K, 56% used [0x0000000740000000,0x00000007475a6180,0x000000074d080000)
 Metaspace       used 154607K, capacity 165462K, committed 165632K, reserved 1191936K
  class space    used 20743K, capacity 22741K, committed 22784K, reserved 1048576K
}
Event: 4075.262 GC heap before
{Heap before GC invocations=37 (full 6):
 PSYoungGen      total 602112K, used 546477K [0x0000000795580000, 0x00000007bf700000, 0x00000007c0000000)
  eden space 525824K, 99% used [0x0000000795580000,0x00000007b555cf98,0x00000007b5700000)
  from space 76288K, 29% used [0x00000007bac80000,0x00000007bc24e568,0x00000007bf700000)
  to   space 81920K, 0% used [0x00000007b5700000,0x00000007b5700000,0x00000007ba700000)
 ParOldGen       total 213504K, used 120472K [0x0000000740000000, 0x000000074d080000, 0x0000000795580000)
  object space 213504K, 56% used [0x0000000740000000,0x00000007475a6180,0x000000074d080000)
 Metaspace       used 154957K, capacity 165968K, committed 166272K, reserved 1191936K
  class space    used 20763K, capacity 22796K, committed 22912K, reserved 1048576K
Event: 4078.029 GC heap after
Heap after GC invocations=37 (full 6):
 PSYoungGen      total 607744K, used 27334K [0x0000000795580000, 0x00000007bfd80000, 0x00000007c0000000)
  eden space 525824K, 0% used [0x0000000795580000,0x0000000795580000,0x00000007b5700000)
  from space 81920K, 33% used [0x00000007b5700000,0x00000007b71b1840,0x00000007ba700000)
  to   space 77824K, 0% used [0x00000007bb180000,0x00000007bb180000,0x00000007bfd80000)
 ParOldGen       total 213504K, used 120472K [0x0000000740000000, 0x000000074d080000, 0x0000000795580000)
  object space 213504K, 56% used [0x0000000740000000,0x00000007475a6180,0x000000074d080000)
 Metaspace       used 154957K, capacity 165968K, committed 166272K, reserved 1191936K
  class space    used 20763K, capacity 22796K, committed 22912K, reserved 1048576K
}

Deoptimization events (10 events):
Event: 4036.296 Thread 0x00007f911ff0f000 Uncommon trap: reason=null_check action=make_not_entrant pc=0x00000001063b3898 method=com.android.ide.common.resources.NodeUtils.processSingleNodeNamespace(Lorg/w3c/dom/Node;Lorg/w3c/dom/Document;)Z @ 8
Event: 4037.125 Thread 0x00007f911ff0f000 Uncommon trap: reason=unstable_if action=reinterpret pc=0x00000001067cfda0 method=com.sun.org.apache.xerces.internal.dom.DeferredDocumentImpl.getTypeInfo(I)Ljava/lang/Object; @ 24
Event: 4046.383 Thread 0x00007f911fe12000 Uncommon trap: reason=class_check action=maybe_recompile pc=0x0000000105aab5fc method=com.google.common.collect.AbstractMapBasedMultimap$WrappedCollection.refreshIfEmpty()V @ 40
Event: 4046.383 Thread 0x00007f911fe12000 Uncommon trap: reason=class_check action=maybe_recompile pc=0x0000000105aab5fc method=com.google.common.collect.AbstractMapBasedMultimap$WrappedCollection.refreshIfEmpty()V @ 40
Event: 4046.383 Thread 0x00007f911fe12000 Uncommon trap: reason=class_check action=maybe_recompile pc=0x0000000105aab5fc method=com.google.common.collect.AbstractMapBasedMultimap$WrappedCollection.refreshIfEmpty()V @ 40
Event: 4046.383 Thread 0x00007f911fe12000 Uncommon trap: reason=class_check action=maybe_recompile pc=0x0000000105aab5fc method=com.google.common.collect.AbstractMapBasedMultimap$WrappedCollection.refreshIfEmpty()V @ 40
Event: 4046.681 Thread 0x00007f9123269800 Uncommon trap: reason=unstable_if action=reinterpret pc=0x000000010603d9a4 method=java.util.concurrent.ConcurrentHashMap.initTable()[Ljava/util/concurrent/ConcurrentHashMap$Node; @ 20
Event: 4047.346 Thread 0x00007f9125a05800 Uncommon trap: reason=unstable_if action=reinterpret pc=0x00000001076165e4 method=com.android.tools.r8.graph.W.B()Lcom/android/tools/r8/ir/optimize/info/t; @ 13
Event: 4066.074 Thread 0x00007f911ff0f000 Uncommon trap: reason=unstable_if action=reinterpret pc=0x000000010351fffc method=com.google.common.cache.LocalCache$Segment.getLiveEntry(Ljava/lang/Object;IJ)Lcom/google/common/cache/ReferenceEntry; @ 25
Event: 4066.124 Thread 0x00007f911ff0f000 Uncommon trap: reason=unstable_if action=reinterpret pc=0x00000001041dfc78 method=com.google.common.cache.LocalCache$Segment.expireEntries(J)V @ 84

Classes redefined (0 events):
No events

Internal exceptions (10 events):
Event: 4045.177 Thread 0x00007f911fe12000 Exception <a 'sun/nio/fs/UnixException'> (0x00000007a34a8f08) thrown at [/Users/java_re/workspace/8-2-build-macosx-x86_64/jdk8u231/13620/hotspot/src/share/vm/prims/jni.cpp, line 710]
Event: 4045.177 Thread 0x00007f911fe12000 Exception <a 'sun/nio/fs/UnixException'> (0x00000007a34a9d10) thrown at [/Users/java_re/workspace/8-2-build-macosx-x86_64/jdk8u231/13620/hotspot/src/share/vm/prims/jni.cpp, line 710]
Event: 4045.179 Thread 0x00007f911fe12000 Exception <a 'sun/nio/fs/UnixException'> (0x00000007a34b0508) thrown at [/Users/java_re/workspace/8-2-build-macosx-x86_64/jdk8u231/13620/hotspot/src/share/vm/prims/jni.cpp, line 710]
Event: 4045.179 Thread 0x00007f911fe12000 Exception <a 'sun/nio/fs/UnixException'> (0x00000007a34b1360) thrown at [/Users/java_re/workspace/8-2-build-macosx-x86_64/jdk8u231/13620/hotspot/src/share/vm/prims/jni.cpp, line 710]
Event: 4045.179 Thread 0x00007f911fe12000 Exception <a 'sun/nio/fs/UnixException'> (0x00000007a34b3290) thrown at [/Users/java_re/workspace/8-2-build-macosx-x86_64/jdk8u231/13620/hotspot/src/share/vm/prims/jni.cpp, line 710]
Event: 4045.179 Thread 0x00007f911fe12000 Exception <a 'sun/nio/fs/UnixException'> (0x00000007a34b40f8) thrown at [/Users/java_re/workspace/8-2-build-macosx-x86_64/jdk8u231/13620/hotspot/src/share/vm/prims/jni.cpp, line 710]
Event: 4053.516 Thread 0x00007f9125a05800 Exception <a 'sun/nio/fs/UnixException'> (0x00000007a6597ca0) thrown at [/Users/java_re/workspace/8-2-build-macosx-x86_64/jdk8u231/13620/hotspot/src/share/vm/prims/jni.cpp, line 710]
Event: 4053.533 Thread 0x00007f9125a05800 Exception <a 'sun/nio/fs/UnixException'> (0x00000007a659ecd0) thrown at [/Users/java_re/workspace/8-2-build-macosx-x86_64/jdk8u231/13620/hotspot/src/share/vm/prims/jni.cpp, line 710]
Event: 4053.541 Thread 0x00007f9125a05800 Exception <a 'sun/nio/fs/UnixException'> (0x00000007a6666be0) thrown at [/Users/java_re/workspace/8-2-build-macosx-x86_64/jdk8u231/13620/hotspot/src/share/vm/prims/jni.cpp, line 710]
Event: 4074.631 Thread 0x00007f91244de000 Exception <a 'sun/nio/fs/UnixException'> (0x00000007b4e536a0) thrown at [/Users/java_re/workspace/8-2-build-macosx-x86_64/jdk8u231/13620/hotspot/src/share/vm/prims/jni.cpp, line 710]

Events (10 events):
Event: 4079.109 Executing VM operation: RevokeBias
Event: 4079.119 Thread 0x00007f9124460800 Thread added: 0x00007f9124460800
Event: 4079.155 Executing VM operation: RevokeBias done
Event: 4079.156 Executing VM operation: BulkRevokeBias
Event: 4079.174 Executing VM operation: BulkRevokeBias done
Event: 4079.185 Executing VM operation: RevokeBias
Event: 4079.236 Executing VM operation: RevokeBias done
Event: 4079.253 Thread 0x00007f911f823800 flushing nmethod 0x0000000102b5f910
Event: 4079.339 Thread 0x00007f911f823800 flushing nmethod 0x0000000102cf95d0
Event: 4079.386 Thread 0x00007f911f823800 flushing nmethod 0x0000000102d3e390


Dynamic libraries:
0x00007fff3109c000 	/System/Library/Frameworks/Cocoa.framework/Versions/A/Cocoa
0x00007fff3ce71000 	/System/Library/Frameworks/Security.framework/Versions/A/Security
0x00007fff2fd2f000 	/System/Library/Frameworks/ApplicationServices.framework/Versions/A/ApplicationServices
0x00007fff5d029000 	/usr/lib/libz.1.dylib
0x00007fff5a90c000 	/usr/lib/libSystem.B.dylib
0x00007fff5c1c3000 	/usr/lib/libobjc.A.dylib
0x00007fff3191f000 	/System/Library/Frameworks/CoreFoundation.framework/Versions/A/CoreFoundation
0x00007fff33bc0000 	/System/Library/Frameworks/Foundation.framework/Versions/C/Foundation
0x00007fff2ef28000 	/System/Library/Frameworks/AppKit.framework/Versions/C/AppKit
0x00007fff3149a000 	/System/Library/Frameworks/CoreData.framework/Versions/A/CoreData
0x00007fff543d2000 	/System/Library/PrivateFrameworks/RemoteViewServices.framework/Versions/A/RemoteViewServices
0x00007fff58649000 	/System/Library/PrivateFrameworks/UIFoundation.framework/Versions/A/UIFoundation
0x00007fff59d2d000 	/System/Library/PrivateFrameworks/XCTTargetBootstrap.framework/Versions/A/XCTTargetBootstrap
0x00007fff3182e000 	/System/Library/Frameworks/CoreDisplay.framework/Versions/A/CoreDisplay
0x00007fff4f0bb000 	/System/Library/PrivateFrameworks/IconServices.framework/Versions/A/IconServices
0x00007fff364e6000 	/System/Library/Frameworks/Metal.framework/Versions/A/Metal
0x00007fff465fe000 	/System/Library/PrivateFrameworks/DesktopServicesPriv.framework/Versions/A/DesktopServicesPriv
0x00007fff5b526000 	/usr/lib/libenergytrace.dylib
0x00007fff56b30000 	/System/Library/PrivateFrameworks/SkyLight.framework/Versions/A/SkyLight
0x00007fff31d67000 	/System/Library/Frameworks/CoreGraphics.framework/Versions/A/CoreGraphics
0x00007fff2db12000 	/System/Library/Frameworks/Accelerate.framework/Versions/A/Accelerate
0x00007fff34309000 	/System/Library/Frameworks/IOSurface.framework/Versions/A/IOSurface
0x00007fff4646a000 	/System/Library/PrivateFrameworks/DFRFoundation.framework/Versions/A/DFRFoundation
0x00007fff30212000 	/System/Library/Frameworks/AudioToolbox.framework/Versions/A/AudioToolbox
0x00007fff3048b000 	/System/Library/Frameworks/AudioUnit.framework/Versions/A/AudioUnit
0x00007fff464ff000 	/System/Library/PrivateFrameworks/DataDetectorsCore.framework/Versions/A/DataDetectorsCore
0x00007fff30b9f000 	/System/Library/Frameworks/Carbon.framework/Versions/A/Frameworks/HIToolbox.framework/Versions/A/HIToolbox
0x00007fff5b67f000 	/usr/lib/libicucore.A.dylib
0x00007fff3c3e5000 	/System/Library/Frameworks/QuartzCore.framework/Versions/A/QuartzCore
0x00007fff30f74000 	/System/Library/Frameworks/Carbon.framework/Versions/A/Frameworks/SpeechRecognition.framework/Versions/A/SpeechRecognition
0x00007fff5aae0000 	/usr/lib/libauto.dylib
0x00007fff5cf1d000 	/usr/lib/libxml2.2.dylib
0x00007fff46045000 	/System/Library/PrivateFrameworks/CoreUI.framework/Versions/A/CoreUI
0x00007fff31385000 	/System/Library/Frameworks/CoreAudio.framework/Versions/A/CoreAudio
0x00007fff339f5000 	/System/Library/Frameworks/DiskArbitration.framework/Versions/A/DiskArbitration
0x00007fff5b92d000 	/usr/lib/liblangid.dylib
0x00007fff50517000 	/System/Library/PrivateFrameworks/MultitouchSupport.framework/Versions/A/MultitouchSupport
0x00007fff34278000 	/System/Library/Frameworks/IOKit.framework/Versions/A/IOKit
0x00007fff5a4cc000 	/usr/lib/libDiagnosticMessagesClient.dylib
0x00007fff32b93000 	/System/Library/Frameworks/CoreServices.framework/Versions/A/CoreServices
0x00007fff521d1000 	/System/Library/PrivateFrameworks/PerformanceAnalysis.framework/Versions/A/PerformanceAnalysis
0x00007fff3b5d3000 	/System/Library/Frameworks/OpenGL.framework/Versions/A/OpenGL
0x00007fff310aa000 	/System/Library/Frameworks/ColorSync.framework/Versions/A/ColorSync
0x00007fff32415000 	/System/Library/Frameworks/CoreImage.framework/Versions/A/CoreImage
0x00007fff3356b000 	/System/Library/Frameworks/CoreText.framework/Versions/A/CoreText
0x00007fff3436c000 	/System/Library/Frameworks/ImageIO.framework/Versions/A/ImageIO
0x00007fff42697000 	/System/Library/PrivateFrameworks/Backup.framework/Versions/A/Backup
0x00007fff5a9b3000 	/usr/lib/libarchive.2.dylib
0x00007fff307e4000 	/System/Library/Frameworks/CFNetwork.framework/Versions/A/CFNetwork
0x00007fff3d5cd000 	/System/Library/Frameworks/SystemConfiguration.framework/Versions/A/SystemConfiguration
0x00007fff5a3fd000 	/usr/lib/libCRFSuite.dylib
0x00007fff5abcf000 	/usr/lib/libc++.1.dylib
0x00007fff5ac23000 	/usr/lib/libc++abi.dylib
0x00007fff5d81f000 	/usr/lib/system/libcache.dylib
0x00007fff5d824000 	/usr/lib/system/libcommonCrypto.dylib
0x00007fff5d82f000 	/usr/lib/system/libcompiler_rt.dylib
0x00007fff5d837000 	/usr/lib/system/libcopyfile.dylib
0x00007fff5d841000 	/usr/lib/system/libcorecrypto.dylib
0x00007fff5d94c000 	/usr/lib/system/libdispatch.dylib
0x00007fff5d986000 	/usr/lib/system/libdyld.dylib
0x00007fff5d9b3000 	/usr/lib/system/libkeymgr.dylib
0x00007fff5d9c1000 	/usr/lib/system/liblaunch.dylib
0x00007fff5d9c2000 	/usr/lib/system/libmacho.dylib
0x00007fff5d9c8000 	/usr/lib/system/libquarantine.dylib
0x00007fff5d9cb000 	/usr/lib/system/libremovefile.dylib
0x00007fff5d9cd000 	/usr/lib/system/libsystem_asl.dylib
0x00007fff5d9e5000 	/usr/lib/system/libsystem_blocks.dylib
0x00007fff5d9e6000 	/usr/lib/system/libsystem_c.dylib
0x00007fff5da6e000 	/usr/lib/system/libsystem_configuration.dylib
0x00007fff5da72000 	/usr/lib/system/libsystem_coreservices.dylib
0x00007fff5da76000 	/usr/lib/system/libsystem_darwin.dylib
0x00007fff5da7d000 	/usr/lib/system/libsystem_dnssd.dylib
0x00007fff5da84000 	/usr/lib/system/libsystem_info.dylib
0x00007fff5daf9000 	/usr/lib/system/libsystem_m.dylib
0x00007fff5db45000 	/usr/lib/system/libsystem_malloc.dylib
0x00007fff5db70000 	/usr/lib/system/libsystem_networkextension.dylib
0x00007fff5db7b000 	/usr/lib/system/libsystem_notify.dylib
0x00007fff5db98000 	/usr/lib/system/libsystem_sandbox.dylib
0x00007fff5db9c000 	/usr/lib/system/libsystem_secinit.dylib
0x00007fff5dad0000 	/usr/lib/system/libsystem_kernel.dylib
0x00007fff5db83000 	/usr/lib/system/libsystem_platform.dylib
0x00007fff5db8d000 	/usr/lib/system/libsystem_pthread.dylib
0x00007fff5db9f000 	/usr/lib/system/libsystem_symptoms.dylib
0x00007fff5dba7000 	/usr/lib/system/libsystem_trace.dylib
0x00007fff5dbbe000 	/usr/lib/system/libunwind.dylib
0x00007fff5dbc4000 	/usr/lib/system/libxpc.dylib
0x00007fff5abb0000 	/usr/lib/libbsm.0.dylib
0x00007fff5d9b4000 	/usr/lib/system/libkxld.dylib
0x00007fff41a88000 	/System/Library/PrivateFrameworks/AppleFSCompression.framework/Versions/A/AppleFSCompression
0x00007fff5a7cc000 	/usr/lib/libOpenScriptingUtil.dylib
0x00007fff5aed8000 	/usr/lib/libcoretls.dylib
0x00007fff5aeef000 	/usr/lib/libcoretls_cfhelpers.dylib
0x00007fff5c95d000 	/usr/lib/libpam.2.dylib
0x00007fff5cb1d000 	/usr/lib/libsqlite3.dylib
0x00007fff5cf0b000 	/usr/lib/libxar.1.dylib
0x00007fff5abc1000 	/usr/lib/libbz2.1.0.dylib
0x00007fff5b92f000 	/usr/lib/liblzma.5.dylib
0x00007fff5bde0000 	/usr/lib/libnetwork.dylib
0x00007fff5a99c000 	/usr/lib/libapple_nghttp2.dylib
0x00007fff5c964000 	/usr/lib/libpcap.A.dylib
0x00007fff32f32000 	/System/Library/Frameworks/CoreServices.framework/Versions/A/Frameworks/FSEvents.framework/Versions/A/FSEvents
0x00007fff32c11000 	/System/Library/Frameworks/CoreServices.framework/Versions/A/Frameworks/CarbonCore.framework/Versions/A/CarbonCore
0x00007fff330ed000 	/System/Library/Frameworks/CoreServices.framework/Versions/A/Frameworks/Metadata.framework/Versions/A/Metadata
0x00007fff3318c000 	/System/Library/Frameworks/CoreServices.framework/Versions/A/Frameworks/OSServices.framework/Versions/A/OSServices
0x00007fff331d7000 	/System/Library/Frameworks/CoreServices.framework/Versions/A/Frameworks/SearchKit.framework/Versions/A/SearchKit
0x00007fff32b94000 	/System/Library/Frameworks/CoreServices.framework/Versions/A/Frameworks/AE.framework/Versions/A/AE
0x00007fff32f3b000 	/System/Library/Frameworks/CoreServices.framework/Versions/A/Frameworks/LaunchServices.framework/Versions/A/LaunchServices
0x00007fff32ee9000 	/System/Library/Frameworks/CoreServices.framework/Versions/A/Frameworks/DictionaryServices.framework/Versions/A/DictionaryServices
0x00007fff3323f000 	/System/Library/Frameworks/CoreServices.framework/Versions/A/Frameworks/SharedFileList.framework/Versions/A/SharedFileList
0x00007fff375ae000 	/System/Library/Frameworks/NetFS.framework/Versions/A/NetFS
0x00007fff5077d000 	/System/Library/PrivateFrameworks/NetAuth.framework/Versions/A/NetAuth
0x00007fff5a131000 	/System/Library/PrivateFrameworks/login.framework/Versions/A/Frameworks/loginsupport.framework/Versions/A/loginsupport
0x00007fff58252000 	/System/Library/PrivateFrameworks/TCC.framework/Versions/A/TCC
0x00007fff456a2000 	/System/Library/PrivateFrameworks/CoreNLP.framework/Versions/A/CoreNLP
0x00007fff501c1000 	/System/Library/PrivateFrameworks/MetadataUtilities.framework/Versions/A/MetadataUtilities
0x00007fff5ba04000 	/usr/lib/libmecabra.dylib
0x00007fff2fd30000 	/System/Library/Frameworks/ApplicationServices.framework/Versions/A/Frameworks/ATS.framework/Versions/A/ATS
0x00007fff3007f000 	/System/Library/Frameworks/ApplicationServices.framework/Versions/A/Frameworks/ColorSyncLegacy.framework/Versions/A/ColorSyncLegacy
0x00007fff3011e000 	/System/Library/Frameworks/ApplicationServices.framework/Versions/A/Frameworks/HIServices.framework/Versions/A/HIServices
0x00007fff30171000 	/System/Library/Frameworks/ApplicationServices.framework/Versions/A/Frameworks/LangAnalysis.framework/Versions/A/LangAnalysis
0x00007fff30181000 	/System/Library/Frameworks/ApplicationServices.framework/Versions/A/Frameworks/PrintCore.framework/Versions/A/PrintCore
0x00007fff301cb000 	/System/Library/Frameworks/ApplicationServices.framework/Versions/A/Frameworks/QD.framework/Versions/A/QD
0x00007fff30205000 	/System/Library/Frameworks/ApplicationServices.framework/Versions/A/Frameworks/SpeechSynthesis.framework/Versions/A/SpeechSynthesis
0x00007fff5ac4b000 	/usr/lib/libcompression.dylib
0x00007fff367b6000 	/System/Library/Frameworks/MetalPerformanceShaders.framework/Versions/A/MetalPerformanceShaders
0x00007fff2db2a000 	/System/Library/Frameworks/Accelerate.framework/Versions/A/Frameworks/vImage.framework/Versions/A/vImage
0x00007fff2ed86000 	/System/Library/Frameworks/Accelerate.framework/Versions/A/Frameworks/vecLib.framework/Versions/A/vecLib
0x00007fff2ec11000 	/System/Library/Frameworks/Accelerate.framework/Versions/A/Frameworks/vecLib.framework/Versions/A/libvMisc.dylib
0x00007fff2ea70000 	/System/Library/Frameworks/Accelerate.framework/Versions/A/Frameworks/vecLib.framework/Versions/A/libvDSP.dylib
0x00007fff2e41f000 	/System/Library/Frameworks/Accelerate.framework/Versions/A/Frameworks/vecLib.framework/Versions/A/libBLAS.dylib
0x00007fff2e60b000 	/System/Library/Frameworks/Accelerate.framework/Versions/A/Frameworks/vecLib.framework/Versions/A/libLAPACK.dylib
0x00007fff2e9c4000 	/System/Library/Frameworks/Accelerate.framework/Versions/A/Frameworks/vecLib.framework/Versions/A/libLinearAlgebra.dylib
0x00007fff2ea5d000 	/System/Library/Frameworks/Accelerate.framework/Versions/A/Frameworks/vecLib.framework/Versions/A/libSparseBLAS.dylib
0x00007fff2e9da000 	/System/Library/Frameworks/Accelerate.framework/Versions/A/Frameworks/vecLib.framework/Versions/A/libQuadrature.dylib
0x00007fff2e5c6000 	/System/Library/Frameworks/Accelerate.framework/Versions/A/Frameworks/vecLib.framework/Versions/A/libBNNS.dylib
0x00007fff2e9e0000 	/System/Library/Frameworks/Accelerate.framework/Versions/A/Frameworks/vecLib.framework/Versions/A/libSparse.dylib
0x00007fff4c9f0000 	/System/Library/PrivateFrameworks/GPUWrangler.framework/Versions/A/GPUWrangler
0x00007fff4ecf0000 	/System/Library/PrivateFrameworks/IOAccelerator.framework/Versions/A/IOAccelerator
0x00007fff4ecfb000 	/System/Library/PrivateFrameworks/IOPresentment.framework/Versions/A/IOPresentment
0x00007fff4647a000 	/System/Library/PrivateFrameworks/DSExternalDisplay.framework/Versions/A/DSExternalDisplay
0x00007fff3aa2a000 	/System/Library/Frameworks/OpenGL.framework/Versions/A/Libraries/libCoreFSCache.dylib
0x00007fff365aa000 	/System/Library/Frameworks/MetalPerformanceShaders.framework/Frameworks/MPSCore.framework/Versions/A/MPSCore
0x00007fff365ca000 	/System/Library/Frameworks/MetalPerformanceShaders.framework/Frameworks/MPSImage.framework/Versions/A/MPSImage
0x00007fff3666f000 	/System/Library/Frameworks/MetalPerformanceShaders.framework/Frameworks/MPSNeuralNetwork.framework/Versions/A/MPSNeuralNetwork
0x00007fff36647000 	/System/Library/Frameworks/MetalPerformanceShaders.framework/Frameworks/MPSMatrix.framework/Versions/A/MPSMatrix
0x00007fff3679b000 	/System/Library/Frameworks/MetalPerformanceShaders.framework/Frameworks/MPSRayIntersector.framework/Versions/A/MPSRayIntersector
0x00007fff501ea000 	/System/Library/PrivateFrameworks/MetalTools.framework/Versions/A/MetalTools
0x00007fff41330000 	/System/Library/PrivateFrameworks/AggregateDictionary.framework/Versions/A/AggregateDictionary
0x00007fff5a7ac000 	/usr/lib/libMobileGestalt.dylib
0x00007fff336ce000 	/System/Library/Frameworks/CoreVideo.framework/Versions/A/CoreVideo
0x00007fff4d801000 	/System/Library/PrivateFrameworks/GraphVisualizer.framework/Versions/A/GraphVisualizer
0x00007fff47680000 	/System/Library/PrivateFrameworks/FaceCore.framework/Versions/A/FaceCore
0x00007fff3a058000 	/System/Library/Frameworks/OpenCL.framework/Versions/A/OpenCL
0x00007fff5a504000 	/usr/lib/libFosl_dynamic.dylib
0x00007fff50fe8000 	/System/Library/PrivateFrameworks/OTSVG.framework/Versions/A/OTSVG
0x00007fff2fe34000 	/System/Library/Frameworks/ApplicationServices.framework/Versions/A/Frameworks/ATS.framework/Versions/A/Resources/libFontParser.dylib
0x00007fff2ff4c000 	/System/Library/Frameworks/ApplicationServices.framework/Versions/A/Frameworks/ATS.framework/Versions/A/Resources/libFontRegistry.dylib
0x00007fff345de000 	/System/Library/Frameworks/ImageIO.framework/Versions/A/Resources/libJPEG.dylib
0x00007fff348f1000 	/System/Library/Frameworks/ImageIO.framework/Versions/A/Resources/libTIFF.dylib
0x00007fff348c7000 	/System/Library/Frameworks/ImageIO.framework/Versions/A/Resources/libPng.dylib
0x00007fff344fb000 	/System/Library/Frameworks/ImageIO.framework/Versions/A/Resources/libGIF.dylib
0x00007fff34500000 	/System/Library/Frameworks/ImageIO.framework/Versions/A/Resources/libJP2.dylib
0x00007fff348ee000 	/System/Library/Frameworks/ImageIO.framework/Versions/A/Resources/libRadiance.dylib
0x00007fff41bdf000 	/System/Library/PrivateFrameworks/AppleJPEG.framework/Versions/A/AppleJPEG
0x00007fff3aa35000 	/System/Library/Frameworks/OpenGL.framework/Versions/A/Libraries/libGFXShared.dylib
0x00007fff3abf8000 	/System/Library/Frameworks/OpenGL.framework/Versions/A/Libraries/libGLU.dylib
0x00007fff3aa3e000 	/System/Library/Frameworks/OpenGL.framework/Versions/A/Libraries/libGL.dylib
0x00007fff3aa4a000 	/System/Library/Frameworks/OpenGL.framework/Versions/A/Libraries/libGLImage.dylib
0x00007fff3aa27000 	/System/Library/Frameworks/OpenGL.framework/Versions/A/Libraries/libCVMSPluginSupport.dylib
0x00007fff3aa30000 	/System/Library/Frameworks/OpenGL.framework/Versions/A/Libraries/libCoreVMClient.dylib
0x00007fff5b39c000 	/usr/lib/libcups.2.dylib
0x00007fff35ab1000 	/System/Library/Frameworks/Kerberos.framework/Versions/A/Kerberos
0x00007fff33fdc000 	/System/Library/Frameworks/GSS.framework/Versions/A/GSS
0x00007fff5cab2000 	/usr/lib/libresolv.9.dylib
0x00007fff5b58e000 	/usr/lib/libiconv.2.dylib
0x00007fff4d976000 	/System/Library/PrivateFrameworks/Heimdal.framework/Versions/A/Heimdal
0x00007fff5b55e000 	/usr/lib/libheimdal-asn1.dylib
0x00007fff3a0cc000 	/System/Library/Frameworks/OpenDirectory.framework/Versions/A/OpenDirectory
0x00007fff44405000 	/System/Library/PrivateFrameworks/CommonAuth.framework/Versions/A/CommonAuth
0x00007fff3a0b0000 	/System/Library/Frameworks/OpenDirectory.framework/Versions/A/Frameworks/CFOpenDirectory.framework/Versions/A/CFOpenDirectory
0x00007fff3d172000 	/System/Library/Frameworks/SecurityFoundation.framework/Versions/A/SecurityFoundation
0x00007fff40876000 	/System/Library/PrivateFrameworks/APFS.framework/Versions/A/APFS
0x00007fff5cf07000 	/usr/lib/libutil.dylib
0x00007fff5ac39000 	/usr/lib/libcharset.1.dylib
0x00007fff41e7c000 	/System/Library/PrivateFrameworks/AppleSauce.framework/Versions/A/AppleSauce
0x00007fff41ffd000 	/System/Library/PrivateFrameworks/AssertionServices.framework/Versions/A/AssertionServices
0x00007fff4272d000 	/System/Library/PrivateFrameworks/BaseBoard.framework/Versions/A/BaseBoard
0x00007fff5b95f000 	/usr/lib/libmecab.1.0.0.dylib
0x00007fff5b558000 	/usr/lib/libgermantok.dylib
0x00007fff5a989000 	/usr/lib/libThaiTokenizer.dylib
0x00007fff5a434000 	/usr/lib/libChineseTokenizer.dylib
0x00007fff4f3a8000 	/System/Library/PrivateFrameworks/LanguageModeling.framework/Versions/A/LanguageModeling
0x00007fff450e7000 	/System/Library/PrivateFrameworks/CoreEmoji.framework/Versions/A/CoreEmoji
0x00007fff4f484000 	/System/Library/PrivateFrameworks/Lexicon.framework/Versions/A/Lexicon
0x00007fff4f4c7000 	/System/Library/PrivateFrameworks/LinguisticData.framework/Versions/A/LinguisticData
0x00007fff5ac3a000 	/usr/lib/libcmph.dylib
0x00007fff3d230000 	/System/Library/Frameworks/ServiceManagement.framework/Versions/A/ServiceManagement
0x00007fff4268e000 	/System/Library/PrivateFrameworks/BackgroundTaskManagement.framework/Versions/A/BackgroundTaskManagement
0x00007fff5d000000 	/usr/lib/libxslt.1.dylib
0x00007fff30ea1000 	/System/Library/Frameworks/Carbon.framework/Versions/A/Frameworks/Ink.framework/Versions/A/Ink
0x00007fff584c4000 	/System/Library/PrivateFrameworks/TextureIO.framework/Versions/A/TextureIO
0x00007fff5a9dd000 	/usr/lib/libate.dylib
0x00007fff463c9000 	/System/Library/PrivateFrameworks/CrashReporterSupport.framework/Versions/A/CrashReporterSupport
0x00007fff55bfe000 	/System/Library/PrivateFrameworks/Sharing.framework/Versions/A/Sharing
0x00007fff423e0000 	/System/Library/PrivateFrameworks/AuthKit.framework/Versions/A/AuthKit
0x00007fff41934000 	/System/Library/PrivateFrameworks/Apple80211.framework/Versions/A/Apple80211
0x00007fff46171000 	/System/Library/PrivateFrameworks/CoreUtils.framework/Versions/A/CoreUtils
0x00007fff3370f000 	/System/Library/Frameworks/CoreWLAN.framework/Versions/A/CoreWLAN
0x00007fff3410b000 	/System/Library/Frameworks/IOBluetooth.framework/Versions/A/IOBluetooth
0x00007fff54072000 	/System/Library/PrivateFrameworks/ProtocolBuffer.framework/Versions/A/ProtocolBuffer
0x00007fff50473000 	/System/Library/PrivateFrameworks/MobileKeyBag.framework/Versions/A/MobileKeyBag
0x00007fff459b5000 	/System/Library/PrivateFrameworks/CorePhoneNumbers.framework/Versions/A/CorePhoneNumbers
0x00007fff41b93000 	/System/Library/PrivateFrameworks/AppleIDAuthSupport.framework/Versions/A/AppleIDAuthSupport
0x00007fff4f37b000 	/System/Library/PrivateFrameworks/KeychainCircle.framework/Versions/A/KeychainCircle
0x00007fff54228000 	/System/Library/PrivateFrameworks/ROCKit.framework/Versions/A/ROCKit
0x00007fff46365000 	/System/Library/PrivateFrameworks/CoreWiFi.framework/Versions/A/CoreWiFi
0x00007fff3146f000 	/System/Library/Frameworks/CoreBluetooth.framework/Versions/A/CoreBluetooth
0x00007fff465c0000 	/System/Library/PrivateFrameworks/DebugSymbols.framework/Versions/A/DebugSymbols
0x00007fff45f31000 	/System/Library/PrivateFrameworks/CoreSymbolication.framework/Versions/A/CoreSymbolication
0x00007fff57cdf000 	/System/Library/PrivateFrameworks/Symbolication.framework/Versions/A/Symbolication
0x00007fff57582000 	/System/Library/PrivateFrameworks/SpeechRecognitionCore.framework/Versions/A/SpeechRecognitionCore
0x0000000101a9a000 	/Library/Java/JavaVirtualMachines/jdk1.8.0_231.jdk/Contents/Home/jre/lib/server/libjvm.dylib
0x00007fff5cde2000 	/usr/lib/libstdc++.6.dylib
0x0000000100349000 	/Library/Java/JavaVirtualMachines/jdk1.8.0_231.jdk/Contents/Home/jre/lib/libverify.dylib
0x0000000100357000 	/Library/Java/JavaVirtualMachines/jdk1.8.0_231.jdk/Contents/Home/jre/lib/libjava.dylib
0x00000001003d7000 	/Library/Java/JavaVirtualMachines/jdk1.8.0_231.jdk/Contents/Home/jre/lib/libzip.dylib
0x000000011767b000 	/Library/Java/JavaVirtualMachines/jdk1.8.0_231.jdk/Contents/Home/jre/lib/libnet.dylib
0x0000000117692000 	/Library/Java/JavaVirtualMachines/jdk1.8.0_231.jdk/Contents/Home/jre/lib/libnio.dylib
0x00000001175ff000 	/Users/HuuPhu/.gradle/native/f6784746aeab05261644944871eae4fe03e0ef1612fff0a4a95f87b438bc6780/osx-amd64/libnative-platform.dylib
0x0000000118095000 	/Library/Java/JavaVirtualMachines/jdk1.8.0_231.jdk/Contents/Home/jre/lib/libmanagement.dylib
0x0000000119b19000 	/Library/Java/JavaVirtualMachines/jdk1.8.0_231.jdk/Contents/Home/jre/lib/libsunec.dylib
0x000000011c8ca000 	/Library/Java/JavaVirtualMachines/jdk1.8.0_231.jdk/Contents/Home/jre/lib/libawt.dylib
0x000000011eac3000 	/Library/Java/JavaVirtualMachines/jdk1.8.0_231.jdk/Contents/Home/jre/lib/./libmlib_image.dylib
0x00007fff35a9a000 	/System/Library/Frameworks/JavaVM.framework/Versions/A/Frameworks/JavaNativeFoundation.framework/Versions/A/JavaNativeFoundation
0x00007fff35aa3000 	/System/Library/Frameworks/JavaVM.framework/Versions/A/Frameworks/JavaRuntimeSupport.framework/Versions/A/JavaRuntimeSupport
0x00007fff35aac000 	/System/Library/Frameworks/JavaVM.framework/Versions/A/JavaVM
0x00007fff4f29a000 	/System/Library/PrivateFrameworks/JavaLaunching.framework/Versions/A/JavaLaunching
0x00007fff30b9a000 	/System/Library/Frameworks/Carbon.framework/Versions/A/Carbon
0x00007fff30b9b000 	/System/Library/Frameworks/Carbon.framework/Versions/A/Frameworks/CommonPanels.framework/Versions/A/CommonPanels
0x00007fff30e97000 	/System/Library/Frameworks/Carbon.framework/Versions/A/Frameworks/Help.framework/Versions/A/Help
0x00007fff30e9b000 	/System/Library/Frameworks/Carbon.framework/Versions/A/Frameworks/ImageCapture.framework/Versions/A/ImageCapture
0x00007fff30f37000 	/System/Library/Frameworks/Carbon.framework/Versions/A/Frameworks/OpenScripting.framework/Versions/A/OpenScripting
0x00007fff30f6f000 	/System/Library/Frameworks/Carbon.framework/Versions/A/Frameworks/Print.framework/Versions/A/Print
0x00007fff30f71000 	/System/Library/Frameworks/Carbon.framework/Versions/A/Frameworks/SecurityHI.framework/Versions/A/SecurityHI
0x000000011d499000 	/Library/Java/JavaVirtualMachines/jdk1.8.0_231.jdk/Contents/Home/jre/lib/libawt_lwawt.dylib
0x000000011a30b000 	/Library/Java/JavaVirtualMachines/jdk1.8.0_231.jdk/Contents/Home/jre/lib/./libosxapp.dylib
0x00007fff33b99000 	/System/Library/Frameworks/ExceptionHandling.framework/Versions/A/ExceptionHandling
0x0000000119bc4000 	/Library/Java/JavaVirtualMachines/jdk1.8.0_231.jdk/Contents/Home/jre/lib/libdcpr.dylib

VM Arguments:
jvm_args: -Xmx2048m -Dfile.encoding=UTF-8 -Duser.country=VN -Duser.language=en -Duser.variant 
java_command: org.gradle.launcher.daemon.bootstrap.GradleDaemon 6.5
java_class_path (initial): /Users/HuuPhu/.gradle/wrapper/dists/gradle-6.5-bin/6nifqtx7604sqp1q6g8wikw7p/gradle-6.5/lib/gradle-launcher-6.5.jar
Launcher Type: SUN_STANDARD

Environment Variables:
PATH=/usr/bin:/bin:/usr/sbin:/sbin:/usr/local/bin:/Applications/VMware Fusion.app/Contents/Public:/usr/local/share/dotnet:~/.dotnet/tools:/Library/Frameworks/Mono.framework/Versions/Current/Commands
SHELL=/bin/bash

Signal Handlers:
SIGSEGV: [libjvm.dylib+0x5b7e2b], sa_mask[0]=11111111011111110111111111111111, sa_flags=SA_ONSTACK|SA_RESTART|SA_SIGINFO
SIGBUS: [libjvm.dylib+0x5b7e2b], sa_mask[0]=11111111011111110111111111111111, sa_flags=SA_RESTART|SA_SIGINFO
SIGFPE: [libjvm.dylib+0x48c6ec], sa_mask[0]=11111111011111110111111111111111, sa_flags=SA_RESTART|SA_SIGINFO
SIGPIPE: [libjvm.dylib+0x48c6ec], sa_mask[0]=11111111011111110111111111111111, sa_flags=SA_RESTART|SA_SIGINFO
SIGXFSZ: [libjvm.dylib+0x48c6ec], sa_mask[0]=11111111011111110111111111111111, sa_flags=SA_RESTART|SA_SIGINFO
SIGILL: [libjvm.dylib+0x48c6ec], sa_mask[0]=11111111011111110111111111111111, sa_flags=SA_RESTART|SA_SIGINFO
SIGUSR1: SIG_DFL, sa_mask[0]=00000000000000000000000000000000, sa_flags=none
SIGUSR2: [libjvm.dylib+0x48c20a], sa_mask[0]=00100000000000000000000000000000, sa_flags=SA_RESTART|SA_SIGINFO
SIGHUP: [libjvm.dylib+0x48a795], sa_mask[0]=11111111011111110111111111111111, sa_flags=SA_RESTART|SA_SIGINFO
SIGINT: [libjvm.dylib+0x48a795], sa_mask[0]=11111111011111110111111111111111, sa_flags=SA_RESTART|SA_SIGINFO
SIGTERM: [libjvm.dylib+0x48a795], sa_mask[0]=11111111011111110111111111111111, sa_flags=SA_RESTART|SA_SIGINFO
SIGQUIT: [libjvm.dylib+0x48a795], sa_mask[0]=11111111011111110111111111111111, sa_flags=SA_RESTART|SA_SIGINFO


---------------  S Y S T E M  ---------------

OS:Bsduname:Darwin 18.7.0 Darwin Kernel Version 18.7.0: Tue Aug 20 16:57:14 PDT 2019; root:xnu-4903.271.2~2/RELEASE_X86_64 x86_64
rlimit: STACK 8192k, CORE 0k, NPROC 709, NOFILE 10240, AS infinity
load average:9.50 4.94 4.36

CPU:total 4 (initial active 4) (2 cores per cpu, 2 threads per core) family 6 model 58 stepping 9, cmov, cx8, fxsr, mmx, sse, sse2, sse3, ssse3, sse4.1, sse4.2, popcnt, avx, aes, clmul, erms, ht, tsc, tscinvbit, tscinv

Memory: 4k page, physical 4194304k(13916k free)

/proc/meminfo:


vm_info: Java HotSpot(TM) 64-Bit Server VM (25.231-b11) for bsd-amd64 JRE (1.8.0_231-b11), built on Oct  5 2019 03:15:25 by "java_re" with gcc 4.2.1 (Based on Apple Inc. build 5658) (LLVM build 2336.11.00)

time: Sat Oct 16 17:00:56 2021
timezone: +07
elapsed time: 4080 seconds (0d 1h 8m 0s)

